[ NORMAL  ]  ##   Please press ENTER to start the tournament.
[ NORMAL  ]  ##   Configuring random seed: 17
[ NORMAL  ]  ##   config.randomFail: 1
[ NORMAL  ]  ##   config.attachLimit: 10
[ NORMAL  ]  ##   config.clearSteps: 3
[ NORMAL  ]  ##   config.clusterBounds: 1, 3
[ NORMAL  ]  ##   config.clearEnergyCost: 30
[ NORMAL  ]  ##   config.disableDuration: 4
[ NORMAL  ]  ##   config.maxEnergy: 300
[ NORMAL  ]  ##   config.blockTypes: [3,3] -> 3
[ NORMAL  ]  ##   config.dispensersBounds: [5,10]
[ NORMAL  ]  ##   config.tasks.duration: [100,200]
[ NORMAL  ]  ##   config.tasks.size: [1,4]
[ NORMAL  ]  ##   config.tasks.rewardDecay: [1,2]
[ NORMAL  ]  ##   config.tasks.probability: 0.05
[ NORMAL  ]  ##   config.taskboards: 3
[ NORMAL  ]  ##   config.distanceToTaskboards: 8
[ NORMAL  ]  ##   config.tasks.lowerRewardLimit: 10
[ NORMAL  ]  ##   config.events.chance: 15
[ NORMAL  ]  ##   config.events.radius: 3 - 5
[ NORMAL  ]  ##   config.events.warning: 5
[ NORMAL  ]  ##   config.events.create: -3 - 1
[ NORMAL  ]  ##   config.events.perimeter: 2
[ NORMAL  ]  ##   Created dispenser(51,69,b0)
[ NORMAL  ]  ##   Created dispenser(52,62,b0)
[ NORMAL  ]  ##   Created dispenser(8,41,b0)
[ NORMAL  ]  ##   Created dispenser(50,18,b0)
[ NORMAL  ]  ##   Created dispenser(41,44,b0)
[ NORMAL  ]  ##   Created dispenser(6,9,b0)
[ NORMAL  ]  ##   Created dispenser(1,13,b1)
[ NORMAL  ]  ##   Created dispenser(12,61,b1)
[ NORMAL  ]  ##   Created dispenser(53,58,b1)
[ NORMAL  ]  ##   Created dispenser(28,59,b1)
[ NORMAL  ]  ##   Created dispenser(68,21,b1)
[ NORMAL  ]  ##   Created dispenser(8,0,b1)
[ NORMAL  ]  ##   Created dispenser(31,54,b1)
[ NORMAL  ]  ##   Created dispenser(15,44,b1)
[ NORMAL  ]  ##   Created dispenser(10,48,b1)
[ NORMAL  ]  ##   Created dispenser(69,37,b1)
[ NORMAL  ]  ##   Created dispenser(39,60,b2)
[ NORMAL  ]  ##   Created dispenser(20,1,b2)
[ NORMAL  ]  ##   Created dispenser(62,26,b2)
[ NORMAL  ]  ##   Created dispenser(29,62,b2)
[ NORMAL  ]  ##   Created dispenser(8,11,b2)
[ NORMAL  ]  ##   Created dispenser(10,3,b2)
[ NORMAL  ]  ##   Created dispenser(27,32,b2)
[ NORMAL  ]  ##   Created dispenser(37,30,b2)
[ NORMAL  ]  ##   Created Taskboard(31,34)
[ NORMAL  ]  ##   Created Taskboard(7,33)
[ NORMAL  ]  ##   Created Taskboard(42,62)
[ NORMAL  ]  ##   Simulation at step 0
[ NORMAL  ]  ##   No valid action available in time for agent agentB2.
[ NORMAL  ]  ##   No valid action available in time for agent agentA9.
[ NORMAL  ]  ##   No valid action available in time for agent agentA2.
[ NORMAL  ]  ##   No valid action available in time for agent agentB6.
[ NORMAL  ]  ##   No valid action available in time for agent agentB15.
[ NORMAL  ]  ##   No valid action available in time for agent agentA5.
[ NORMAL  ]  ##   No valid action available in time for agent agentA12.
[ NORMAL  ]  ##   No valid action available in time for agent agentB3.
[ NORMAL  ]  ##   No valid action available in time for agent agentB8.
[ NORMAL  ]  ##   No valid action available in time for agent agentB1.
[ NORMAL  ]  ##   No valid action available in time for agent agentB4.
[ NORMAL  ]  ##   No valid action available in time for agent agentA14.
[ NORMAL  ]  ##   No valid action available in time for agent agentB12.
[ NORMAL  ]  ##   No valid action available in time for agent agentA15.
[ NORMAL  ]  ##   No valid action available in time for agent agentA11.
[ NORMAL  ]  ##   No valid action available in time for agent agentB14.
[ NORMAL  ]  ##   No valid action available in time for agent agentA6.
[ NORMAL  ]  ##   No valid action available in time for agent agentB10.
[ NORMAL  ]  ##   No valid action available in time for agent agentB11.
[ NORMAL  ]  ##   No valid action available in time for agent agentA8.
[ NORMAL  ]  ##   No valid action available in time for agent agentB5.
[ NORMAL  ]  ##   No valid action available in time for agent agentB9.
[ NORMAL  ]  ##   No valid action available in time for agent agentA3.
[ NORMAL  ]  ##   No valid action available in time for agent agentB7.
[ NORMAL  ]  ##   No valid action available in time for agent agentA1.
[ NORMAL  ]  ##   No valid action available in time for agent agentA7.
[ NORMAL  ]  ##   No valid action available in time for agent agentB13.
[ NORMAL  ]  ##   No valid action available in time for agent agentA4.
[ NORMAL  ]  ##   No valid action available in time for agent agentA13.
[ NORMAL  ]  ##   No valid action available in time for agent agentA10.
[ NORMAL  ]  ##   Simulation at step 1
[ NORMAL  ]  ##   No valid action available in time for agent agentA15.
[ NORMAL  ]  ##   No valid action available in time for agent agentB14.
[ NORMAL  ]  ##   No valid action available in time for agent agentB15.
[ NORMAL  ]  ##   No valid action available in time for agent agentA2.
[ NORMAL  ]  ##   No valid action available in time for agent agentA5.
[ NORMAL  ]  ##   No valid action available in time for agent agentA9.
[ NORMAL  ]  ##   No valid action available in time for agent agentA1.
[ NORMAL  ]  ##   No valid action available in time for agent agentA6.
[ NORMAL  ]  ##   No valid action available in time for agent agentA8.
[ NORMAL  ]  ##   No valid action available in time for agent agentA7.
[ NORMAL  ]  ##   No valid action available in time for agent agentA4.
[ NORMAL  ]  ##   No valid action available in time for agent agentA3.
[ NORMAL  ]  ##   No valid action available in time for agent agentA13.
[ NORMAL  ]  ##   No valid action available in time for agent agentB3.
[ NORMAL  ]  ##   No valid action available in time for agent agentB12.
[ NORMAL  ]  ##   No valid action available in time for agent agentB13.
[ NORMAL  ]  ##   No valid action available in time for agent agentA14.
[ NORMAL  ]  ##   No valid action available in time for agent agentB11.
[ NORMAL  ]  ##   No valid action available in time for agent agentA11.
[ NORMAL  ]  ##   No valid action available in time for agent agentB10.
[ NORMAL  ]  ##   No valid action available in time for agent agentA10.
[ NORMAL  ]  ##   No valid action available in time for agent agentA12.
[ NORMAL  ]  ##   No valid action available in time for agent agentB5.
[ NORMAL  ]  ##   No valid action available in time for agent agentB9.
[ NORMAL  ]  ##   No valid action available in time for agent agentB6.
[ NORMAL  ]  ##   No valid action available in time for agent agentB8.
[ NORMAL  ]  ##   No valid action available in time for agent agentB1.
[ NORMAL  ]  ##   No valid action available in time for agent agentB4.
[ NORMAL  ]  ##   No valid action available in time for agent agentB2.
[ NORMAL  ]  ##   No valid action available in time for agent agentB7.
[ NORMAL  ]  ##   Simulation at step 2
[ NORMAL  ]  ##   No valid action available in time for agent agentB15.
[ NORMAL  ]  ##   No valid action available in time for agent agentA15.
[ NORMAL  ]  ##   No valid action available in time for agent agentA1.
[ NORMAL  ]  ##   No valid action available in time for agent agentA6.
[ NORMAL  ]  ##   No valid action available in time for agent agentA7.
[ NORMAL  ]  ##   No valid action available in time for agent agentA10.
[ NORMAL  ]  ##   No valid action available in time for agent agentA8.
[ NORMAL  ]  ##   No valid action available in time for agent agentA4.
[ NORMAL  ]  ##   No valid action available in time for agent agentB11.
[ NORMAL  ]  ##   No valid action available in time for agent agentA5.
[ NORMAL  ]  ##   No valid action available in time for agent agentA9.
[ NORMAL  ]  ##   No valid action available in time for agent agentA3.
[ NORMAL  ]  ##   No valid action available in time for agent agentB14.
[ NORMAL  ]  ##   No valid action available in time for agent agentA2.
[ NORMAL  ]  ##   No valid action available in time for agent agentB2.
[ NORMAL  ]  ##   No valid action available in time for agent agentB1.
[ NORMAL  ]  ##   No valid action available in time for agent agentB13.
[ NORMAL  ]  ##   No valid action available in time for agent agentA13.
[ NORMAL  ]  ##   No valid action available in time for agent agentB3.
[ NORMAL  ]  ##   No valid action available in time for agent agentB12.
[ NORMAL  ]  ##   No valid action available in time for agent agentB4.
[ NORMAL  ]  ##   No valid action available in time for agent agentA11.
[ NORMAL  ]  ##   No valid action available in time for agent agentB10.
[ NORMAL  ]  ##   No valid action available in time for agent agentA14.
[ NORMAL  ]  ##   No valid action available in time for agent agentA12.
[ NORMAL  ]  ##   No valid action available in time for agent agentB9.
[ NORMAL  ]  ##   No valid action available in time for agent agentB5.
[ NORMAL  ]  ##   No valid action available in time for agent agentB8.
[ NORMAL  ]  ##   No valid action available in time for agent agentB7.
[ NORMAL  ]  ##   No valid action available in time for agent agentB6.
[ NORMAL  ]  ##   Simulation at step 3
[ NORMAL  ]  ##   No valid action available in time for agent agentA15.
[ NORMAL  ]  ##   No valid action available in time for agent agentB14.
[ NORMAL  ]  ##   No valid action available in time for agent agentB15.
[ NORMAL  ]  ##   No valid action available in time for agent agentA9.
[ NORMAL  ]  ##   No valid action available in time for agent agentA4.
[ NORMAL  ]  ##   No valid action available in time for agent agentA5.
[ NORMAL  ]  ##   No valid action available in time for agent agentA11.
[ NORMAL  ]  ##   No valid action available in time for agent agentA6.
[ NORMAL  ]  ##   No valid action available in time for agent agentA1.
[ NORMAL  ]  ##   No valid action available in time for agent agentB8.
[ NORMAL  ]  ##   No valid action available in time for agent agentB11.
[ NORMAL  ]  ##   No valid action available in time for agent agentA2.
[ NORMAL  ]  ##   No valid action available in time for agent agentA3.
[ NORMAL  ]  ##   No valid action available in time for agent agentA8.
[ NORMAL  ]  ##   No valid action available in time for agent agentA10.
[ NORMAL  ]  ##   No valid action available in time for agent agentA12.
[ NORMAL  ]  ##   No valid action available in time for agent agentA7.
[ NORMAL  ]  ##   No valid action available in time for agent agentB9.
[ NORMAL  ]  ##   No valid action available in time for agent agentB6.
[ NORMAL  ]  ##   No valid action available in time for agent agentB5.
[ NORMAL  ]  ##   No valid action available in time for agent agentB7.
[ NORMAL  ]  ##   No valid action available in time for agent agentB3.
[ NORMAL  ]  ##   No valid action available in time for agent agentA13.
[ NORMAL  ]  ##   No valid action available in time for agent agentB4.
[ NORMAL  ]  ##   No valid action available in time for agent agentB10.
[ NORMAL  ]  ##   No valid action available in time for agent agentB12.
[ NORMAL  ]  ##   No valid action available in time for agent agentB1.
[ NORMAL  ]  ##   No valid action available in time for agent agentB13.
[ NORMAL  ]  ##   No valid action available in time for agent agentA14.
[ NORMAL  ]  ##   No valid action available in time for agent agentB2.
[ NORMAL  ]  ##   Simulation at step 4
[ NORMAL  ]  ##   No valid action available in time for agent agentA15.
[ NORMAL  ]  ##   No valid action available in time for agent agentA4.
[ NORMAL  ]  ##   No valid action available in time for agent agentA2.
[ NORMAL  ]  ##   No valid action available in time for agent agentB14.
[ NORMAL  ]  ##   No valid action available in time for agent agentA1.
[ NORMAL  ]  ##   No valid action available in time for agent agentA3.
[ NORMAL  ]  ##   No valid action available in time for agent agentB15.
[ NORMAL  ]  ##   No valid action available in time for agent agentA7.
[ NORMAL  ]  ##   No valid action available in time for agent agentA6.
[ NORMAL  ]  ##   No valid action available in time for agent agentB9.
[ NORMAL  ]  ##   No valid action available in time for agent agentB8.
[ NORMAL  ]  ##   No valid action available in time for agent agentB5.
[ NORMAL  ]  ##   No valid action available in time for agent agentB2.
[ NORMAL  ]  ##   No valid action available in time for agent agentB7.
[ NORMAL  ]  ##   No valid action available in time for agent agentB3.
[ NORMAL  ]  ##   No valid action available in time for agent agentB1.
[ NORMAL  ]  ##   No valid action available in time for agent agentB6.
[ NORMAL  ]  ##   No valid action available in time for agent agentB4.
[ NORMAL  ]  ##   No valid action available in time for agent agentA5.
[ NORMAL  ]  ##   No valid action available in time for agent agentB13.
[ NORMAL  ]  ##   No valid action available in time for agent agentA8.
[ NORMAL  ]  ##   No valid action available in time for agent agentA12.
[ NORMAL  ]  ##   No valid action available in time for agent agentB11.
[ NORMAL  ]  ##   No valid action available in time for agent agentA9.
[ NORMAL  ]  ##   No valid action available in time for agent agentA14.
[ NORMAL  ]  ##   No valid action available in time for agent agentA10.
[ NORMAL  ]  ##   No valid action available in time for agent agentB12.
[ NORMAL  ]  ##   No valid action available in time for agent agentA13.
[ NORMAL  ]  ##   No valid action available in time for agent agentA11.
[ NORMAL  ]  ##   No valid action available in time for agent agentB10.
[ NORMAL  ]  ##   Simulation at step 5
[ NORMAL  ]  ##   No valid action available in time for agent agentA2.
[ NORMAL  ]  ##   No valid action available in time for agent agentA1.
[ NORMAL  ]  ##   No valid action available in time for agent agentB15.
[ NORMAL  ]  ##   No valid action available in time for agent agentB14.
[ NORMAL  ]  ##   No valid action available in time for agent agentA7.
[ NORMAL  ]  ##   No valid action available in time for agent agentA3.
[ NORMAL  ]  ##   No valid action available in time for agent agentA6.
[ NORMAL  ]  ##   No valid action available in time for agent agentA15.
[ NORMAL  ]  ##   No valid action available in time for agent agentB9.
[ NORMAL  ]  ##   No valid action available in time for agent agentB8.
[ NORMAL  ]  ##   No valid action available in time for agent agentB4.
[ NORMAL  ]  ##   No valid action available in time for agent agentB7.
[ NORMAL  ]  ##   No valid action available in time for agent agentB2.
[ NORMAL  ]  ##   No valid action available in time for agent agentB6.
[ NORMAL  ]  ##   No valid action available in time for agent agentB5.
[ NORMAL  ]  ##   No valid action available in time for agent agentB1.
[ NORMAL  ]  ##   No valid action available in time for agent agentB3.
[ NORMAL  ]  ##   No valid action available in time for agent agentB10.
[ NORMAL  ]  ##   No valid action available in time for agent agentB12.
[ NORMAL  ]  ##   No valid action available in time for agent agentA9.
[ NORMAL  ]  ##   No valid action available in time for agent agentB13.
[ NORMAL  ]  ##   No valid action available in time for agent agentA10.
[ NORMAL  ]  ##   No valid action available in time for agent agentA12.
[ NORMAL  ]  ##   No valid action available in time for agent agentA14.
[ NORMAL  ]  ##   No valid action available in time for agent agentA13.
[ NORMAL  ]  ##   No valid action available in time for agent agentA5.
[ NORMAL  ]  ##   No valid action available in time for agent agentB11.
[ NORMAL  ]  ##   No valid action available in time for agent agentA11.
[ NORMAL  ]  ##   No valid action available in time for agent agentA4.
[ NORMAL  ]  ##   No valid action available in time for agent agentA8.
[ NORMAL  ]  ##   Simulation at step 6
[ NORMAL  ]  ##   No valid action available in time for agent agentA2.
[ NORMAL  ]  ##   No valid action available in time for agent agentB14.
[ NORMAL  ]  ##   No valid action available in time for agent agentB15.
[ NORMAL  ]  ##   No valid action available in time for agent agentA15.
[ NORMAL  ]  ##   No valid action available in time for agent agentA4.
[ NORMAL  ]  ##   No valid action available in time for agent agentA3.
[ NORMAL  ]  ##   No valid action available in time for agent agentA13.
[ NORMAL  ]  ##   No valid action available in time for agent agentA9.
[ NORMAL  ]  ##   No valid action available in time for agent agentB10.
[ NORMAL  ]  ##   No valid action available in time for agent agentA5.
[ NORMAL  ]  ##   No valid action available in time for agent agentA6.
[ NORMAL  ]  ##   No valid action available in time for agent agentA11.
[ NORMAL  ]  ##   No valid action available in time for agent agentA10.
[ NORMAL  ]  ##   No valid action available in time for agent agentA7.
[ NORMAL  ]  ##   No valid action available in time for agent agentA12.
[ NORMAL  ]  ##   No valid action available in time for agent agentA1.
[ NORMAL  ]  ##   No valid action available in time for agent agentB12.
[ NORMAL  ]  ##   No valid action available in time for agent agentA14.
[ NORMAL  ]  ##   No valid action available in time for agent agentB11.
[ NORMAL  ]  ##   No valid action available in time for agent agentB13.
[ NORMAL  ]  ##   No valid action available in time for agent agentA8.
[ NORMAL  ]  ##   No valid action available in time for agent agentB7.
[ NORMAL  ]  ##   No valid action available in time for agent agentB3.
[ NORMAL  ]  ##   No valid action available in time for agent agentB8.
[ NORMAL  ]  ##   No valid action available in time for agent agentB1.
[ NORMAL  ]  ##   No valid action available in time for agent agentB2.
[ NORMAL  ]  ##   No valid action available in time for agent agentB6.
[ NORMAL  ]  ##   No valid action available in time for agent agentB9.
[ NORMAL  ]  ##   No valid action available in time for agent agentB4.
[ NORMAL  ]  ##   No valid action available in time for agent agentB5.
[ NORMAL  ]  ##   Simulation at step 7
[ NORMAL  ]  ##   No valid action available in time for agent agentA5.
[ NORMAL  ]  ##   No valid action available in time for agent agentA2.
[ NORMAL  ]  ##   No valid action available in time for agent agentB15.
[ NORMAL  ]  ##   No valid action available in time for agent agentA15.
[ NORMAL  ]  ##   No valid action available in time for agent agentB14.
[ NORMAL  ]  ##   No valid action available in time for agent agentA6.
[ NORMAL  ]  ##   No valid action available in time for agent agentA9.
[ NORMAL  ]  ##   No valid action available in time for agent agentA10.
[ NORMAL  ]  ##   No valid action available in time for agent agentA7.
[ NORMAL  ]  ##   No valid action available in time for agent agentA3.
[ NORMAL  ]  ##   No valid action available in time for agent agentA4.
[ NORMAL  ]  ##   No valid action available in time for agent agentA8.
[ NORMAL  ]  ##   No valid action available in time for agent agentB11.
[ NORMAL  ]  ##   No valid action available in time for agent agentA1.
[ NORMAL  ]  ##   No valid action available in time for agent agentB7.
[ NORMAL  ]  ##   No valid action available in time for agent agentB5.
[ NORMAL  ]  ##   No valid action available in time for agent agentB9.
[ NORMAL  ]  ##   No valid action available in time for agent agentB2.
[ NORMAL  ]  ##   No valid action available in time for agent agentB8.
[ NORMAL  ]  ##   No valid action available in time for agent agentB6.
[ NORMAL  ]  ##   No valid action available in time for agent agentA13.
[ NORMAL  ]  ##   No valid action available in time for agent agentB1.
[ NORMAL  ]  ##   No valid action available in time for agent agentB13.
[ NORMAL  ]  ##   No valid action available in time for agent agentA12.
[ NORMAL  ]  ##   No valid action available in time for agent agentB12.
[ NORMAL  ]  ##   No valid action available in time for agent agentB3.
[ NORMAL  ]  ##   No valid action available in time for agent agentB10.
[ NORMAL  ]  ##   No valid action available in time for agent agentA11.
[ NORMAL  ]  ##   No valid action available in time for agent agentA14.
[ NORMAL  ]  ##   No valid action available in time for agent agentB4.
[ NORMAL  ]  ##   Simulation at step 8
[ NORMAL  ]  ##   No valid action available in time for agent agentA15.
[ NORMAL  ]  ##   No valid action available in time for agent agentB14.
[ NORMAL  ]  ##   No valid action available in time for agent agentB15.
[ NORMAL  ]  ##   No valid action available in time for agent agentB10.
[ NORMAL  ]  ##   No valid action available in time for agent agentA4.
[ NORMAL  ]  ##   No valid action available in time for agent agentA8.
[ NORMAL  ]  ##   No valid action available in time for agent agentA10.
[ NORMAL  ]  ##   No valid action available in time for agent agentA6.
[ NORMAL  ]  ##   No valid action available in time for agent agentB11.
[ NORMAL  ]  ##   No valid action available in time for agent agentA5.
[ NORMAL  ]  ##   No valid action available in time for agent agentA7.
[ NORMAL  ]  ##   No valid action available in time for agent agentA2.
[ NORMAL  ]  ##   No valid action available in time for agent agentA12.
[ NORMAL  ]  ##   No valid action available in time for agent agentA3.
[ NORMAL  ]  ##   No valid action available in time for agent agentA1.
[ NORMAL  ]  ##   No valid action available in time for agent agentA11.
[ NORMAL  ]  ##   No valid action available in time for agent agentA9.
[ NORMAL  ]  ##   No valid action available in time for agent agentB2.
[ NORMAL  ]  ##   No valid action available in time for agent agentB7.
[ NORMAL  ]  ##   No valid action available in time for agent agentA13.
[ NORMAL  ]  ##   No valid action available in time for agent agentA14.
[ NORMAL  ]  ##   No valid action available in time for agent agentB6.
[ NORMAL  ]  ##   No valid action available in time for agent agentB3.
[ NORMAL  ]  ##   No valid action available in time for agent agentB1.
[ NORMAL  ]  ##   No valid action available in time for agent agentB5.
[ NORMAL  ]  ##   No valid action available in time for agent agentB4.
[ NORMAL  ]  ##   No valid action available in time for agent agentB9.
[ NORMAL  ]  ##   No valid action available in time for agent agentB8.
[ NORMAL  ]  ##   No valid action available in time for agent agentB13.
[ NORMAL  ]  ##   No valid action available in time for agent agentB12.
[ NORMAL  ]  ##   Simulation at step 9
[ NORMAL  ]  ##   No valid action available in time for agent agentB14.
[ NORMAL  ]  ##   No valid action available in time for agent agentA15.
[ NORMAL  ]  ##   No valid action available in time for agent agentB15.
[ NORMAL  ]  ##   No valid action available in time for agent agentB11.
[ NORMAL  ]  ##   No valid action available in time for agent agentA1.
[ NORMAL  ]  ##   No valid action available in time for agent agentA6.
[ NORMAL  ]  ##   No valid action available in time for agent agentA3.
[ NORMAL  ]  ##   No valid action available in time for agent agentA2.
[ NORMAL  ]  ##   No valid action available in time for agent agentA12.
[ NORMAL  ]  ##   No valid action available in time for agent agentA9.
[ NORMAL  ]  ##   No valid action available in time for agent agentA8.
[ NORMAL  ]  ##   No valid action available in time for agent agentA10.
[ NORMAL  ]  ##   No valid action available in time for agent agentA4.
[ NORMAL  ]  ##   No valid action available in time for agent agentA11.
[ NORMAL  ]  ##   No valid action available in time for agent agentA5.
[ NORMAL  ]  ##   No valid action available in time for agent agentA7.
[ NORMAL  ]  ##   No valid action available in time for agent agentB1.
[ NORMAL  ]  ##   No valid action available in time for agent agentB7.
[ NORMAL  ]  ##   No valid action available in time for agent agentB3.
[ NORMAL  ]  ##   No valid action available in time for agent agentB5.
[ NORMAL  ]  ##   No valid action available in time for agent agentB9.
[ NORMAL  ]  ##   No valid action available in time for agent agentB4.
[ NORMAL  ]  ##   No valid action available in time for agent agentB2.
[ NORMAL  ]  ##   No valid action available in time for agent agentB6.
[ NORMAL  ]  ##   No valid action available in time for agent agentA14.
[ NORMAL  ]  ##   No valid action available in time for agent agentA13.
[ NORMAL  ]  ##   No valid action available in time for agent agentB8.
[ NORMAL  ]  ##   No valid action available in time for agent agentB12.
[ NORMAL  ]  ##   No valid action available in time for agent agentB13.
[ NORMAL  ]  ##   No valid action available in time for agent agentB10.
[ NORMAL  ]  ##   Simulation at step 10
